<?xml version="1.0" encoding="UTF-8"?>
<testng-results total="2" passed="2" failed="0" skipped="0">
  <reporter-output>
  </reporter-output>
  <suite started-at="2020-01-26T17:10:02Z" name="Suite" finished-at="2020-01-26T17:10:05Z" duration-ms="2754">
    <groups>
      <group name="regression">
        <method signature="ExtraGet.createUser()[pri:0, instance:ExtraGet@49e53c76]" name="createUser" class="ExtraGet"/>
        <method signature="ExtraGet.getExtrausers()[pri:0, instance:ExtraGet@49e53c76]" name="getExtrausers" class="ExtraGet"/>
      </group> <!-- regression -->
    </groups>
    <test started-at="2020-01-26T17:10:02Z" name="Test1" finished-at="2020-01-26T17:10:05Z" duration-ms="2754">
      <class name="ExtraGet">
        <test-method is-config="true" signature="setup()[pri:0, instance:ExtraGet@49e53c76]" started-at="2020-01-26T11:10:02Z" name="setup" finished-at="2020-01-26T11:10:03Z" duration-ms="481" status="PASS">
          <reporter-output>
          </reporter-output>
        </test-method> <!-- setup -->
        <test-method signature="createUser()[pri:0, instance:ExtraGet@49e53c76]" started-at="2020-01-26T11:10:03Z" name="createUser" finished-at="2020-01-26T11:10:04Z" duration-ms="1906" status="PASS">
          <reporter-output>
          </reporter-output>
        </test-method> <!-- createUser -->
        <test-method signature="getExtrausers()[pri:0, instance:ExtraGet@49e53c76]" started-at="2020-01-26T11:10:04Z" name="getExtrausers" finished-at="2020-01-26T11:10:05Z" duration-ms="353" status="PASS">
          <reporter-output>
          </reporter-output>
        </test-method> <!-- getExtrausers -->
      </class> <!-- ExtraGet -->
    </test> <!-- Test1 -->
  </suite> <!-- Suite -->
</testng-results>
